<?xml version="1.0" encoding="UTF-8"?>
<coverage generated="1666693750683" clover="3.2.0">
  <project timestamp="1666693750683" name="All files">
    <metrics statements="28" coveredstatements="26" conditionals="13" coveredconditionals="9" methods="22" coveredmethods="21" elements="63" coveredelements="56" complexity="0" loc="28" ncloc="28" packages="4" files="10" classes="10"/>
    <package name="components.atoms">
      <metrics statements="5" coveredstatements="5" conditionals="3" coveredconditionals="2" methods="5" coveredmethods="5"/>
      <file name="AddTask.vue" path="D:\tests\vue\vue-project\vue-project\src\components\atoms\AddTask.vue">
        <metrics statements="1" coveredstatements="1" conditionals="3" coveredconditionals="2" methods="1" coveredmethods="1"/>
        <line num="1" count="26" type="cond" truecount="2" falsecount="1"/>
      </file>
      <file name="Checkbox.vue" path="D:\tests\vue\vue-project\vue-project\src\components\atoms\Checkbox.vue">
        <metrics statements="1" coveredstatements="1" conditionals="0" coveredconditionals="0" methods="1" coveredmethods="1"/>
        <line num="1" count="32" type="stmt"/>
      </file>
      <file name="DeleteButton.vue" path="D:\tests\vue\vue-project\vue-project\src\components\atoms\DeleteButton.vue">
        <metrics statements="1" coveredstatements="1" conditionals="0" coveredconditionals="0" methods="1" coveredmethods="1"/>
        <line num="1" count="32" type="stmt"/>
      </file>
      <file name="TabButton.vue" path="D:\tests\vue\vue-project\vue-project\src\components\atoms\TabButton.vue">
        <metrics statements="1" coveredstatements="1" conditionals="0" coveredconditionals="0" methods="1" coveredmethods="1"/>
        <line num="1" count="31" type="stmt"/>
      </file>
      <file name="TitleName.vue" path="D:\tests\vue\vue-project\vue-project\src\components\atoms\TitleName.vue">
        <metrics statements="1" coveredstatements="1" conditionals="0" coveredconditionals="0" methods="1" coveredmethods="1"/>
        <line num="1" count="12" type="stmt"/>
      </file>
    </package>
    <package name="components.molecules">
      <metrics statements="1" coveredstatements="1" conditionals="0" coveredconditionals="0" methods="1" coveredmethods="1"/>
      <file name="Task.vue" path="D:\tests\vue\vue-project\vue-project\src\components\molecules\Task.vue">
        <metrics statements="1" coveredstatements="1" conditionals="0" coveredconditionals="0" methods="1" coveredmethods="1"/>
        <line num="1" count="23" type="stmt"/>
      </file>
    </package>
    <package name="components.organisms">
      <metrics statements="3" coveredstatements="3" conditionals="0" coveredconditionals="0" methods="3" coveredmethods="3"/>
      <file name="Footer.vue" path="D:\tests\vue\vue-project\vue-project\src\components\organisms\Footer.vue">
        <metrics statements="1" coveredstatements="1" conditionals="0" coveredconditionals="0" methods="1" coveredmethods="1"/>
        <line num="1" count="22" type="stmt"/>
      </file>
      <file name="TaskArea.vue" path="D:\tests\vue\vue-project\vue-project\src\components\organisms\TaskArea.vue">
        <metrics statements="1" coveredstatements="1" conditionals="0" coveredconditionals="0" methods="1" coveredmethods="1"/>
        <line num="1" count="12" type="stmt"/>
      </file>
      <file name="Title.vue" path="D:\tests\vue\vue-project\vue-project\src\components\organisms\Title.vue">
        <metrics statements="1" coveredstatements="1" conditionals="0" coveredconditionals="0" methods="1" coveredmethods="1"/>
        <line num="1" count="6" type="stmt"/>
      </file>
    </package>
    <package name="store.modules">
      <metrics statements="19" coveredstatements="17" conditionals="10" coveredconditionals="7" methods="13" coveredmethods="12"/>
      <file name="todo.js" path="D:\tests\vue\vue-project\vue-project\src\store\modules\todo.js">
        <metrics statements="19" coveredstatements="17" conditionals="10" coveredconditionals="7" methods="13" coveredmethods="12"/>
        <line num="8" count="1" type="stmt"/>
        <line num="11" count="3" type="stmt"/>
        <line num="15" count="3" type="cond" truecount="2" falsecount="0"/>
        <line num="16" count="1" type="stmt"/>
        <line num="17" count="2" type="cond" truecount="2" falsecount="0"/>
        <line num="18" count="3" type="stmt"/>
        <line num="19" count="1" type="cond" truecount="1" falsecount="1"/>
        <line num="20" count="3" type="stmt"/>
        <line num="22" count="0" type="stmt"/>
        <line num="27" count="1" type="stmt"/>
        <line num="32" count="1" type="stmt"/>
        <line num="35" count="4" type="stmt"/>
        <line num="36" count="1" type="stmt"/>
        <line num="39" count="1" type="stmt"/>
        <line num="40" count="3" type="cond" truecount="2" falsecount="0"/>
        <line num="41" count="1" type="stmt"/>
        <line num="44" count="1" type="stmt"/>
        <line num="47" count="1" type="stmt"/>
        <line num="50" count="0" type="cond" truecount="0" falsecount="2"/>
      </file>
    </package>
  </project>
</coverage>
