{"D:\\tests\\vue\\vue-project\\vue-project\\src\\components\\atoms\\AddTask.vue": {"path":"D:\\tests\\vue\\vue-project\\vue-project\\src\\components\\atoms\\AddTask.vue","statementMap":{"0":{"start":{"line":1,"column":0},"end":{"line":1,"column":null}}},"fnMap":{"0":{"name":"(anonymous_0)","decl":{"start":{"line":1,"column":0},"end":{"line":1,"column":null}},"loc":{"start":{"line":1,"column":0},"end":{"line":1,"column":null}}}},"branchMap":{"0":{"loc":{"start":{"line":1,"column":0},"end":{"line":1,"column":null}},"type":"if","locations":[{"start":{"line":1,"column":0},"end":{"line":1,"column":null}}]},"1":{"loc":{"start":{"line":1,"column":0},"end":{"line":1,"column":null}},"type":"binary-expr","locations":[{"start":{"line":1,"column":0},"end":{"line":1,"column":null}},{"start":{"line":1,"column":0},"end":{"line":1,"column":null}}]}},"s":{"0":26},"f":{"0":8},"b":{"0":[0],"1":[2,2]}}
,"D:\\tests\\vue\\vue-project\\vue-project\\src\\components\\atoms\\Checkbox.vue": {"path":"D:\\tests\\vue\\vue-project\\vue-project\\src\\components\\atoms\\Checkbox.vue","statementMap":{"0":{"start":{"line":1,"column":0},"end":{"line":1,"column":null}}},"fnMap":{"0":{"name":"(anonymous_0)","decl":{"start":{"line":1,"column":0},"end":{"line":1,"column":null}},"loc":{"start":{"line":1,"column":0},"end":{"line":1,"column":null}}}},"branchMap":{},"s":{"0":32},"f":{"0":9},"b":{}}
,"D:\\tests\\vue\\vue-project\\vue-project\\src\\components\\atoms\\DeleteButton.vue": {"path":"D:\\tests\\vue\\vue-project\\vue-project\\src\\components\\atoms\\DeleteButton.vue","statementMap":{"0":{"start":{"line":1,"column":0},"end":{"line":1,"column":null}}},"fnMap":{"0":{"name":"(anonymous_0)","decl":{"start":{"line":1,"column":0},"end":{"line":1,"column":null}},"loc":{"start":{"line":1,"column":0},"end":{"line":1,"column":null}}}},"branchMap":{},"s":{"0":32},"f":{"0":9},"b":{}}
,"D:\\tests\\vue\\vue-project\\vue-project\\src\\components\\atoms\\TabButton.vue": {"path":"D:\\tests\\vue\\vue-project\\vue-project\\src\\components\\atoms\\TabButton.vue","statementMap":{"0":{"start":{"line":1,"column":0},"end":{"line":1,"column":null}}},"fnMap":{"0":{"name":"(anonymous_0)","decl":{"start":{"line":1,"column":0},"end":{"line":1,"column":null}},"loc":{"start":{"line":1,"column":0},"end":{"line":1,"column":null}}}},"branchMap":{},"s":{"0":31},"f":{"0":10},"b":{}}
,"D:\\tests\\vue\\vue-project\\vue-project\\src\\components\\atoms\\TitleName.vue": {"path":"D:\\tests\\vue\\vue-project\\vue-project\\src\\components\\atoms\\TitleName.vue","statementMap":{"0":{"start":{"line":1,"column":0},"end":{"line":1,"column":null}}},"fnMap":{"0":{"name":"(anonymous_0)","decl":{"start":{"line":1,"column":0},"end":{"line":1,"column":null}},"loc":{"start":{"line":1,"column":0},"end":{"line":1,"column":null}}}},"branchMap":{},"s":{"0":12},"f":{"0":2},"b":{}}
,"D:\\tests\\vue\\vue-project\\vue-project\\src\\components\\molecules\\Task.vue": {"path":"D:\\tests\\vue\\vue-project\\vue-project\\src\\components\\molecules\\Task.vue","statementMap":{"0":{"start":{"line":1,"column":0},"end":{"line":1,"column":null}}},"fnMap":{"0":{"name":"(anonymous_0)","decl":{"start":{"line":1,"column":0},"end":{"line":1,"column":null}},"loc":{"start":{"line":1,"column":0},"end":{"line":1,"column":null}}}},"branchMap":{},"s":{"0":23},"f":{"0":7},"b":{}}
,"D:\\tests\\vue\\vue-project\\vue-project\\src\\components\\organisms\\Footer.vue": {"path":"D:\\tests\\vue\\vue-project\\vue-project\\src\\components\\organisms\\Footer.vue","statementMap":{"0":{"start":{"line":1,"column":0},"end":{"line":1,"column":null}}},"fnMap":{"0":{"name":"(anonymous_0)","decl":{"start":{"line":1,"column":0},"end":{"line":1,"column":null}},"loc":{"start":{"line":1,"column":0},"end":{"line":1,"column":null}}}},"branchMap":{},"s":{"0":22},"f":{"0":13},"b":{}}
,"D:\\tests\\vue\\vue-project\\vue-project\\src\\components\\organisms\\TaskArea.vue": {"path":"D:\\tests\\vue\\vue-project\\vue-project\\src\\components\\organisms\\TaskArea.vue","statementMap":{"0":{"start":{"line":1,"column":0},"end":{"line":1,"column":null}}},"fnMap":{"0":{"name":"(anonymous_0)","decl":{"start":{"line":1,"column":0},"end":{"line":1,"column":null}},"loc":{"start":{"line":1,"column":0},"end":{"line":1,"column":null}}}},"branchMap":{},"s":{"0":12},"f":{"0":3},"b":{}}
,"D:\\tests\\vue\\vue-project\\vue-project\\src\\components\\organisms\\Title.vue": {"path":"D:\\tests\\vue\\vue-project\\vue-project\\src\\components\\organisms\\Title.vue","statementMap":{"0":{"start":{"line":1,"column":0},"end":{"line":1,"column":null}}},"fnMap":{"0":{"name":"(anonymous_0)","decl":{"start":{"line":1,"column":0},"end":{"line":1,"column":null}},"loc":{"start":{"line":1,"column":0},"end":{"line":1,"column":null}}}},"branchMap":{},"s":{"0":6},"f":{"0":1},"b":{}}
,"D:\\tests\\vue\\vue-project\\vue-project\\src\\store\\modules\\todo.js": {"path":"D:\\tests\\vue\\vue-project\\vue-project\\src\\store\\modules\\todo.js","statementMap":{"0":{"start":{"line":8,"column":25},"end":{"line":8,"column":36}},"1":{"start":{"line":11,"column":6},"end":{"line":11,"column":68}},"2":{"start":{"line":11,"column":42},"end":{"line":11,"column":66}},"3":{"start":{"line":15,"column":6},"end":{"line":21,"column":7}},"4":{"start":{"line":16,"column":8},"end":{"line":16,"column":26}},"5":{"start":{"line":17,"column":13},"end":{"line":21,"column":7}},"6":{"start":{"line":18,"column":8},"end":{"line":18,"column":69}},"7":{"start":{"line":18,"column":44},"end":{"line":18,"column":68}},"8":{"start":{"line":19,"column":13},"end":{"line":21,"column":7}},"9":{"start":{"line":20,"column":8},"end":{"line":20,"column":68}},"10":{"start":{"line":20,"column":44},"end":{"line":20,"column":67}},"11":{"start":{"line":22,"column":6},"end":{"line":22,"column":25}},"12":{"start":{"line":27,"column":6},"end":{"line":31,"column":9}},"13":{"start":{"line":32,"column":6},"end":{"line":32,"column":65}},"14":{"start":{"line":35,"column":6},"end":{"line":35,"column":64}},"15":{"start":{"line":35,"column":49},"end":{"line":35,"column":62}},"16":{"start":{"line":36,"column":6},"end":{"line":36,"column":65}},"17":{"start":{"line":39,"column":6},"end":{"line":43,"column":9}},"18":{"start":{"line":40,"column":8},"end":{"line":42,"column":9}},"19":{"start":{"line":41,"column":10},"end":{"line":41,"column":43}},"20":{"start":{"line":44,"column":6},"end":{"line":44,"column":65}},"21":{"start":{"line":47,"column":6},"end":{"line":47,"column":27}},"22":{"start":{"line":50,"column":6},"end":{"line":50,"column":68}}},"fnMap":{"0":{"name":"(anonymous_0)","decl":{"start":{"line":8,"column":14},"end":{"line":8,"column":15}},"loc":{"start":{"line":8,"column":25},"end":{"line":8,"column":36}},"line":8},"1":{"name":"(anonymous_1)","decl":{"start":{"line":10,"column":4},"end":{"line":10,"column":5}},"loc":{"start":{"line":10,"column":26},"end":{"line":12,"column":5}},"line":10},"2":{"name":"(anonymous_2)","decl":{"start":{"line":11,"column":32},"end":{"line":11,"column":33}},"loc":{"start":{"line":11,"column":42},"end":{"line":11,"column":66}},"line":11},"3":{"name":"(anonymous_3)","decl":{"start":{"line":14,"column":4},"end":{"line":14,"column":5}},"loc":{"start":{"line":14,"column":23},"end":{"line":23,"column":5}},"line":14},"4":{"name":"(anonymous_4)","decl":{"start":{"line":18,"column":34},"end":{"line":18,"column":35}},"loc":{"start":{"line":18,"column":44},"end":{"line":18,"column":68}},"line":18},"5":{"name":"(anonymous_5)","decl":{"start":{"line":20,"column":34},"end":{"line":20,"column":35}},"loc":{"start":{"line":20,"column":44},"end":{"line":20,"column":67}},"line":20},"6":{"name":"(anonymous_6)","decl":{"start":{"line":26,"column":4},"end":{"line":26,"column":5}},"loc":{"start":{"line":26,"column":29},"end":{"line":33,"column":5}},"line":26},"7":{"name":"(anonymous_7)","decl":{"start":{"line":34,"column":4},"end":{"line":34,"column":5}},"loc":{"start":{"line":34,"column":26},"end":{"line":37,"column":5}},"line":34},"8":{"name":"(anonymous_8)","decl":{"start":{"line":35,"column":39},"end":{"line":35,"column":40}},"loc":{"start":{"line":35,"column":49},"end":{"line":35,"column":62}},"line":35},"9":{"name":"(anonymous_9)","decl":{"start":{"line":38,"column":4},"end":{"line":38,"column":5}},"loc":{"start":{"line":38,"column":32},"end":{"line":45,"column":5}},"line":38},"10":{"name":"(anonymous_10)","decl":{"start":{"line":39,"column":22},"end":{"line":39,"column":23}},"loc":{"start":{"line":39,"column":32},"end":{"line":43,"column":7}},"line":39},"11":{"name":"(anonymous_11)","decl":{"start":{"line":46,"column":4},"end":{"line":46,"column":5}},"loc":{"start":{"line":46,"column":34},"end":{"line":48,"column":5}},"line":46},"12":{"name":"(anonymous_12)","decl":{"start":{"line":49,"column":4},"end":{"line":49,"column":5}},"loc":{"start":{"line":49,"column":22},"end":{"line":51,"column":5}},"line":49}},"branchMap":{"0":{"loc":{"start":{"line":15,"column":6},"end":{"line":21,"column":7}},"type":"if","locations":[{"start":{"line":15,"column":6},"end":{"line":21,"column":7}},{"start":{"line":17,"column":13},"end":{"line":21,"column":7}}],"line":15},"1":{"loc":{"start":{"line":17,"column":13},"end":{"line":21,"column":7}},"type":"if","locations":[{"start":{"line":17,"column":13},"end":{"line":21,"column":7}},{"start":{"line":19,"column":13},"end":{"line":21,"column":7}}],"line":17},"2":{"loc":{"start":{"line":19,"column":13},"end":{"line":21,"column":7}},"type":"if","locations":[{"start":{"line":19,"column":13},"end":{"line":21,"column":7}},{"start":{},"end":{}}],"line":19},"3":{"loc":{"start":{"line":40,"column":8},"end":{"line":42,"column":9}},"type":"if","locations":[{"start":{"line":40,"column":8},"end":{"line":42,"column":9}},{"start":{},"end":{}}],"line":40},"4":{"loc":{"start":{"line":50,"column":20},"end":{"line":50,"column":67}},"type":"binary-expr","locations":[{"start":{"line":50,"column":20},"end":{"line":50,"column":61}},{"start":{"line":50,"column":65},"end":{"line":50,"column":67}}],"line":50}},"s":{"0":1,"1":1,"2":3,"3":3,"4":1,"5":2,"6":1,"7":3,"8":1,"9":1,"10":3,"11":0,"12":1,"13":1,"14":1,"15":4,"16":1,"17":1,"18":3,"19":1,"20":1,"21":1,"22":0},"f":{"0":1,"1":1,"2":3,"3":3,"4":3,"5":3,"6":1,"7":1,"8":4,"9":1,"10":3,"11":1,"12":0},"b":{"0":[1,2],"1":[1,1],"2":[1,0],"3":[1,2],"4":[0,0]},"_coverageSchema":"1a1c01bbd47fc00a2c39e90264f33305004495a9","hash":"e16ad10e0561c07356d244838d567871002f8313"}
}
