TN:
SF:src\components\atoms\AddTask.vue
FN:1,(anonymous_0)
FNF:1
FNH:1
FNDA:8,(anonymous_0)
DA:1,26
LF:1
LH:1
BRDA:1,0,0,0
BRDA:1,1,0,2
BRDA:1,1,1,2
BRF:3
BRH:2
end_of_record
TN:
SF:src\components\atoms\Checkbox.vue
FN:1,(anonymous_0)
FNF:1
FNH:1
FNDA:9,(anonymous_0)
DA:1,32
LF:1
LH:1
BRF:0
BRH:0
end_of_record
TN:
SF:src\components\atoms\DeleteButton.vue
FN:1,(anonymous_0)
FNF:1
FNH:1
FNDA:9,(anonymous_0)
DA:1,32
LF:1
LH:1
BRF:0
BRH:0
end_of_record
TN:
SF:src\components\atoms\TabButton.vue
FN:1,(anonymous_0)
FNF:1
FNH:1
FNDA:10,(anonymous_0)
DA:1,31
LF:1
LH:1
BRF:0
BRH:0
end_of_record
TN:
SF:src\components\atoms\TitleName.vue
FN:1,(anonymous_0)
FNF:1
FNH:1
FNDA:2,(anonymous_0)
DA:1,12
LF:1
LH:1
BRF:0
BRH:0
end_of_record
TN:
SF:src\components\molecules\Task.vue
FN:1,(anonymous_0)
FNF:1
FNH:1
FNDA:7,(anonymous_0)
DA:1,23
LF:1
LH:1
BRF:0
BRH:0
end_of_record
TN:
SF:src\components\organisms\Footer.vue
FN:1,(anonymous_0)
FNF:1
FNH:1
FNDA:13,(anonymous_0)
DA:1,22
LF:1
LH:1
BRF:0
BRH:0
end_of_record
TN:
SF:src\components\organisms\TaskArea.vue
FN:1,(anonymous_0)
FNF:1
FNH:1
FNDA:3,(anonymous_0)
DA:1,12
LF:1
LH:1
BRF:0
BRH:0
end_of_record
TN:
SF:src\components\organisms\Title.vue
FN:1,(anonymous_0)
FNF:1
FNH:1
FNDA:1,(anonymous_0)
DA:1,6
LF:1
LH:1
BRF:0
BRH:0
end_of_record
TN:
SF:src\store\modules\todo.js
FN:8,(anonymous_0)
FN:10,(anonymous_1)
FN:11,(anonymous_2)
FN:14,(anonymous_3)
FN:18,(anonymous_4)
FN:20,(anonymous_5)
FN:26,(anonymous_6)
FN:34,(anonymous_7)
FN:35,(anonymous_8)
FN:38,(anonymous_9)
FN:39,(anonymous_10)
FN:46,(anonymous_11)
FN:49,(anonymous_12)
FNF:13
FNH:12
FNDA:1,(anonymous_0)
FNDA:1,(anonymous_1)
FNDA:3,(anonymous_2)
FNDA:3,(anonymous_3)
FNDA:3,(anonymous_4)
FNDA:3,(anonymous_5)
FNDA:1,(anonymous_6)
FNDA:1,(anonymous_7)
FNDA:4,(anonymous_8)
FNDA:1,(anonymous_9)
FNDA:3,(anonymous_10)
FNDA:1,(anonymous_11)
FNDA:0,(anonymous_12)
DA:8,1
DA:11,3
DA:15,3
DA:16,1
DA:17,2
DA:18,3
DA:19,1
DA:20,3
DA:22,0
DA:27,1
DA:32,1
DA:35,4
DA:36,1
DA:39,1
DA:40,3
DA:41,1
DA:44,1
DA:47,1
DA:50,0
LF:19
LH:17
BRDA:15,0,0,1
BRDA:15,0,1,2
BRDA:17,1,0,1
BRDA:17,1,1,1
BRDA:19,2,0,1
BRDA:19,2,1,0
BRDA:40,3,0,1
BRDA:40,3,1,2
BRDA:50,4,0,0
BRDA:50,4,1,0
BRF:10
BRH:7
end_of_record
